<!DOCTYPE html PUBLIC "-//W3C//DTD XHTML 1.1//EN" "http://www.w3.org/TR/xhtml11/DTD/xhtml11.dtd">
<html xmlns="http://www.w3.org/1999/xhtml">
<head>
<meta http-equiv="content-type" content="text/html; charset=UTF-8"/>
<title>TestNG Report</title>
<style type="text/css">table {margin-bottom:10px;border-collapse:collapse;empty-cells:show}th,td {border:1px solid #009;padding:.25em .5em}th {vertical-align:bottom}td {vertical-align:top}table a {font-weight:bold}.stripe td {background-color: #E6EBF9}.num {text-align:right}.passedodd td {background-color: #3F3}.passedeven td {background-color: #0A0}.skippedodd td {background-color: #DDD}.skippedeven td {background-color: #CCC}.failedodd td,.attn {background-color: #F33}.failedeven td,.stripe .attn {background-color: #D00}.stacktrace {white-space:pre;font-family:monospace}.totop {font-size:85%;text-align:center;border-bottom:2px solid #000}.invisible {display:none}</style>
</head>
<body>
<table>
<tr><th>Test</th><th># Passed</th><th># Skipped</th><th># Failed</th><th>Time (ms)</th><th>Included Groups</th><th>Excluded Groups</th></tr>
<tr><th colspan="7">Suite</th></tr>
<tr><td><a href="#t0">StandaloneTestCopy</a></td><td class="num">1</td><td class="num">0</td><td class="num">0</td><td class="num">34,528</td><td></td><td></td></tr>
<tr class="stripe"><td><a href="#t1">DataProviderTest</a></td><td class="num">1</td><td class="num attn">2</td><td class="num attn">1</td><td class="num">101,548</td><td></td><td></td></tr>
<tr><th>Total</th><th class="num">2</th><th class="num attn">2</th><th class="num attn">1</th><th class="num">136,076</th><th colspan="2"></th></tr>
</table>
<table id='summary'><thead><tr><th>Class</th><th>Method</th><th>Start</th><th>Time (ms)</th></tr></thead><tbody><tr><th colspan="4">Suite</th></tr></tbody><tbody id="t0"><tr><th colspan="4">StandaloneTestCopy &#8212; passed</th></tr><tr class="passedeven"><td rowspan="1">com.seleniumhq.selenium_java.pageObjects.StandaloneTestCopy</td><td><a href="#m0">submitOrder</a></td><td rowspan="1">1700471007328</td><td rowspan="1">20606</td></tr></tbody>
<tbody id="t1"><tr><th colspan="4">DataProviderTest &#8212; failed</th></tr><tr class="failedeven"><td rowspan="1">com.seleniumhq.selenium_java.pageObjects.DataProviderTest</td><td><a href="#m1">errorValidation</a></td><td rowspan="1">1700471082290</td><td rowspan="1">11955</td></tr><tr><th colspan="4">DataProviderTest &#8212; skipped</th></tr><tr class="skippedeven"><td rowspan="2">com.seleniumhq.selenium_java.pageObjects.DataProviderTest</td><td><a href="#m2">errorValidation</a></td><td rowspan="2">1700471059608</td><td rowspan="2">11998</td></tr><tr class="skippedeven"><td><a href="#m3">errorValidation</a></td></tr><tr><th colspan="4">DataProviderTest &#8212; passed</th></tr><tr class="passedeven"><td rowspan="1">com.seleniumhq.selenium_java.pageObjects.DataProviderTest</td><td><a href="#m4">errorValidation</a></td><td rowspan="1">1700471007555</td><td rowspan="1">19765</td></tr></tbody>
</table>
<h2>StandaloneTestCopy</h2><h3 id="m0">com.seleniumhq.selenium_java.pageObjects.StandaloneTestCopy#submitOrder</h3><table class="result"><tr><th class="invisible"/></tr></table><p class="totop"><a href="#summary">back to summary</a></p>
<h2>DataProviderTest</h2><h3 id="m1">com.seleniumhq.selenium_java.pageObjects.DataProviderTest#errorValidation</h3><table class="result"><tr class="param"><th>Parameter #1</th><th>Parameter #2</th><th>Parameter #3</th></tr><tr class="param stripe"><td>1kingkhan@academy.com</td><td>Kingkhan@123</td><td>IPHONE 13 PRO</td></tr><tr><th colspan="3">Exception</th></tr><tr><td colspan="3"><div class="stacktrace">org.openqa.selenium.TimeoutException: Expected condition failed: waiting for visibility of element located by By.className: col-lg-4 (tried for 5 second(s) with 500 milliseconds interval)
Build info: version: &apos;4.11.0&apos;, revision: &apos;040bc5406b&apos;
System info: os.name: &apos;Mac OS X&apos;, os.arch: &apos;x86_64&apos;, os.version: &apos;14.1.1&apos;, java.version: &apos;1.8.0_333&apos;
Driver info: org.openqa.selenium.chrome.ChromeDriver
Capabilities {acceptInsecureCerts: false, browserName: chrome, browserVersion: 119.0.6045.159, chrome: {chromedriverVersion: 119.0.6045.105 (38c72552c5e..., userDataDir: /var/folders/l7/9829d6j97hb...}, fedcm:accounts: true, goog:chromeOptions: {debuggerAddress: localhost:49790}, networkConnectionEnabled: false, pageLoadStrategy: normal, platformName: mac, proxy: Proxy(), se:cdp: ws://localhost:49790/devtoo..., se:cdpVersion: 119.0.6045.159, setWindowRect: true, strictFileInteractability: false, timeouts: {implicit: 0, pageLoad: 300000, script: 30000}, unhandledPromptBehavior: dismiss and notify, webauthn:extension:credBlob: true, webauthn:extension:largeBlob: true, webauthn:extension:minPinLength: true, webauthn:extension:prf: true, webauthn:virtualAuthenticators: true}
Session ID: e16944ef2f75156ab6f2a50cf7c276ca
	at org.openqa.selenium.support.ui.WebDriverWait.timeoutException(WebDriverWait.java:84)
	at org.openqa.selenium.support.ui.FluentWait.until(FluentWait.java:230)
	at com.seleniumhq.selenium_java.AbstractComponents.AbstractComponent.waitForElementToAppear(AbstractComponent.java:30)
	at com.seleniumhq.selenium_java.pageObjects.ProductCatalogue.getProductList(ProductCatalogue.java:35)
	at com.seleniumhq.selenium_java.pageObjects.ProductCatalogue.getProductByName(ProductCatalogue.java:41)
	at com.seleniumhq.selenium_java.pageObjects.ProductCatalogue.addProductToCart(ProductCatalogue.java:47)
	at com.seleniumhq.selenium_java.pageObjects.DataProviderTest.errorValidation(DataProviderTest.java:20)
	at java.util.concurrent.FutureTask.run(FutureTask.java:266)
	at java.util.concurrent.ThreadPoolExecutor.runWorker(ThreadPoolExecutor.java:1149)
	at java.util.concurrent.ThreadPoolExecutor$Worker.run(ThreadPoolExecutor.java:624)
	at java.lang.Thread.run(Thread.java:750)
... Removed 16 stack frames</div></td></tr></table><p class="totop"><a href="#summary">back to summary</a></p>
<h3 id="m2">com.seleniumhq.selenium_java.pageObjects.DataProviderTest#errorValidation</h3><table class="result"><tr class="param"><th>Parameter #1</th><th>Parameter #2</th><th>Parameter #3</th></tr><tr class="param stripe"><td>1kingkhan@academy.com</td><td>Kingkhan@123</td><td>IPHONE 13 PRO</td></tr><tr><th colspan="3">Exception</th></tr><tr><td colspan="3"><div class="stacktrace">org.openqa.selenium.TimeoutException: Expected condition failed: waiting for visibility of element located by By.className: col-lg-4 (tried for 5 second(s) with 500 milliseconds interval)
Build info: version: &apos;4.11.0&apos;, revision: &apos;040bc5406b&apos;
System info: os.name: &apos;Mac OS X&apos;, os.arch: &apos;x86_64&apos;, os.version: &apos;14.1.1&apos;, java.version: &apos;1.8.0_333&apos;
Driver info: org.openqa.selenium.chrome.ChromeDriver
Capabilities {acceptInsecureCerts: false, browserName: chrome, browserVersion: 119.0.6045.159, chrome: {chromedriverVersion: 119.0.6045.105 (38c72552c5e..., userDataDir: /var/folders/l7/9829d6j97hb...}, fedcm:accounts: true, goog:chromeOptions: {debuggerAddress: localhost:49773}, networkConnectionEnabled: false, pageLoadStrategy: normal, platformName: mac, proxy: Proxy(), se:cdp: ws://localhost:49773/devtoo..., se:cdpVersion: 119.0.6045.159, setWindowRect: true, strictFileInteractability: false, timeouts: {implicit: 0, pageLoad: 300000, script: 30000}, unhandledPromptBehavior: dismiss and notify, webauthn:extension:credBlob: true, webauthn:extension:largeBlob: true, webauthn:extension:minPinLength: true, webauthn:extension:prf: true, webauthn:virtualAuthenticators: true}
Session ID: 30b7f917d3c35d601e59b4a3a171eb78
	at org.openqa.selenium.support.ui.WebDriverWait.timeoutException(WebDriverWait.java:84)
	at org.openqa.selenium.support.ui.FluentWait.until(FluentWait.java:230)
	at com.seleniumhq.selenium_java.AbstractComponents.AbstractComponent.waitForElementToAppear(AbstractComponent.java:30)
	at com.seleniumhq.selenium_java.pageObjects.ProductCatalogue.getProductList(ProductCatalogue.java:35)
	at com.seleniumhq.selenium_java.pageObjects.ProductCatalogue.getProductByName(ProductCatalogue.java:41)
	at com.seleniumhq.selenium_java.pageObjects.ProductCatalogue.addProductToCart(ProductCatalogue.java:47)
	at com.seleniumhq.selenium_java.pageObjects.DataProviderTest.errorValidation(DataProviderTest.java:20)
	at java.util.concurrent.FutureTask.run(FutureTask.java:266)
	at java.util.concurrent.ThreadPoolExecutor.runWorker(ThreadPoolExecutor.java:1149)
	at java.util.concurrent.ThreadPoolExecutor$Worker.run(ThreadPoolExecutor.java:624)
	at java.lang.Thread.run(Thread.java:750)
... Removed 16 stack frames</div></td></tr></table><p class="totop"><a href="#summary">back to summary</a></p>
<h3 id="m3">com.seleniumhq.selenium_java.pageObjects.DataProviderTest#errorValidation</h3><table class="result"><tr class="param"><th>Parameter #1</th><th>Parameter #2</th><th>Parameter #3</th></tr><tr class="param stripe"><td>1kingkhan@academy.com</td><td>Kingkhan@123</td><td>IPHONE 13 PRO</td></tr><tr><th colspan="3">Exception</th></tr><tr><td colspan="3"><div class="stacktrace">org.openqa.selenium.TimeoutException: Expected condition failed: waiting for visibility of element located by By.className: col-lg-4 (tried for 5 second(s) with 500 milliseconds interval)
Build info: version: &apos;4.11.0&apos;, revision: &apos;040bc5406b&apos;
System info: os.name: &apos;Mac OS X&apos;, os.arch: &apos;x86_64&apos;, os.version: &apos;14.1.1&apos;, java.version: &apos;1.8.0_333&apos;
Driver info: org.openqa.selenium.chrome.ChromeDriver
Capabilities {acceptInsecureCerts: false, browserName: chrome, browserVersion: 119.0.6045.159, chrome: {chromedriverVersion: 119.0.6045.105 (38c72552c5e..., userDataDir: /var/folders/l7/9829d6j97hb...}, fedcm:accounts: true, goog:chromeOptions: {debuggerAddress: localhost:49756}, networkConnectionEnabled: false, pageLoadStrategy: normal, platformName: mac, proxy: Proxy(), se:cdp: ws://localhost:49756/devtoo..., se:cdpVersion: 119.0.6045.159, setWindowRect: true, strictFileInteractability: false, timeouts: {implicit: 0, pageLoad: 300000, script: 30000}, unhandledPromptBehavior: dismiss and notify, webauthn:extension:credBlob: true, webauthn:extension:largeBlob: true, webauthn:extension:minPinLength: true, webauthn:extension:prf: true, webauthn:virtualAuthenticators: true}
Session ID: e2418c93b30fec3a4b3572337c72b9a3
	at org.openqa.selenium.support.ui.WebDriverWait.timeoutException(WebDriverWait.java:84)
	at org.openqa.selenium.support.ui.FluentWait.until(FluentWait.java:230)
	at com.seleniumhq.selenium_java.AbstractComponents.AbstractComponent.waitForElementToAppear(AbstractComponent.java:30)
	at com.seleniumhq.selenium_java.pageObjects.ProductCatalogue.getProductList(ProductCatalogue.java:35)
	at com.seleniumhq.selenium_java.pageObjects.ProductCatalogue.getProductByName(ProductCatalogue.java:41)
	at com.seleniumhq.selenium_java.pageObjects.ProductCatalogue.addProductToCart(ProductCatalogue.java:47)
	at com.seleniumhq.selenium_java.pageObjects.DataProviderTest.errorValidation(DataProviderTest.java:20)
	at java.util.concurrent.FutureTask.run(FutureTask.java:266)
	at java.util.concurrent.ThreadPoolExecutor.runWorker(ThreadPoolExecutor.java:1149)
	at java.util.concurrent.ThreadPoolExecutor$Worker.run(ThreadPoolExecutor.java:624)
	at java.lang.Thread.run(Thread.java:750)
... Removed 16 stack frames</div></td></tr></table><p class="totop"><a href="#summary">back to summary</a></p>
<h3 id="m4">com.seleniumhq.selenium_java.pageObjects.DataProviderTest#errorValidation</h3><table class="result"><tr class="param"><th>Parameter #1</th><th>Parameter #2</th><th>Parameter #3</th></tr><tr class="param stripe"><td>ravikhan@academy.com</td><td>Kingkhan@007</td><td>IPHONE 13 PRO</td></tr></table><p class="totop"><a href="#summary">back to summary</a></p>
</body>
</html>
