<?xml version="1.0" encoding="UTF-8"?>
<testng-results skipped="2" failed="1" ignored="0" total="5" passed="2">
  <reporter-output>
  </reporter-output>
  <suite name="Suite" duration-ms="101548" started-at="2023-11-20T09:03:13Z" finished-at="2023-11-20T09:04:55Z">
    <groups>
    </groups>
    <test name="StandaloneTestCopy" duration-ms="34528" started-at="2023-11-20T09:03:13Z" finished-at="2023-11-20T09:03:48Z">
      <class name="com.seleniumhq.selenium_java.pageObjects.StandaloneTestCopy">
        <test-method status="PASS" signature="launchApp()[pri:0, instance:com.seleniumhq.selenium_java.pageObjects.StandaloneTestCopy@28f2a10f]" name="launchApp" is-config="true" duration-ms="13751" started-at="2023-11-20T09:03:13Z" finished-at="2023-11-20T09:03:27Z">
          <reporter-output>
          </reporter-output>
        </test-method> <!-- launchApp -->
        <test-method status="PASS" signature="submitOrder()[pri:0, instance:com.seleniumhq.selenium_java.pageObjects.StandaloneTestCopy@28f2a10f]" name="submitOrder" duration-ms="20606" started-at="2023-11-20T09:03:27Z" finished-at="2023-11-20T09:03:47Z">
          <reporter-output>
          </reporter-output>
        </test-method> <!-- submitOrder -->
        <test-method status="PASS" signature="tearDown()[pri:0, instance:com.seleniumhq.selenium_java.pageObjects.StandaloneTestCopy@28f2a10f]" name="tearDown" is-config="true" duration-ms="139" started-at="2023-11-20T09:03:47Z" finished-at="2023-11-20T09:03:48Z">
          <reporter-output>
          </reporter-output>
        </test-method> <!-- tearDown -->
      </class> <!-- com.seleniumhq.selenium_java.pageObjects.StandaloneTestCopy -->
    </test> <!-- StandaloneTestCopy -->
    <test name="DataProviderTest" duration-ms="101548" started-at="2023-11-20T09:03:13Z" finished-at="2023-11-20T09:04:55Z">
      <class name="com.seleniumhq.selenium_java.pageObjects.DataProviderTest">
        <test-method status="PASS" signature="launchApp()[pri:0, instance:com.seleniumhq.selenium_java.pageObjects.DataProviderTest@4d5b6aac]" name="launchApp" is-config="true" duration-ms="13977" started-at="2023-11-20T09:03:13Z" finished-at="2023-11-20T09:03:27Z">
          <reporter-output>
          </reporter-output>
        </test-method> <!-- launchApp -->
        <test-method status="PASS" signature="errorValidation(java.lang.String, java.lang.String, java.lang.String)[pri:0, instance:com.seleniumhq.selenium_java.pageObjects.DataProviderTest@4d5b6aac]" name="errorValidation" duration-ms="19765" started-at="2023-11-20T09:03:27Z" data-provider="getData" finished-at="2023-11-20T09:03:47Z">
          <params>
            <param index="0">
              <value>
                <![CDATA[ravikhan@academy.com]]>
              </value>
            </param>
            <param index="1">
              <value>
                <![CDATA[Kingkhan@007]]>
              </value>
            </param>
            <param index="2">
              <value>
                <![CDATA[IPHONE 13 PRO]]>
              </value>
            </param>
          </params>
          <reporter-output>
          </reporter-output>
        </test-method> <!-- errorValidation -->
        <test-method status="PASS" signature="tearDown()[pri:0, instance:com.seleniumhq.selenium_java.pageObjects.DataProviderTest@4d5b6aac]" name="tearDown" is-config="true" duration-ms="294" started-at="2023-11-20T09:03:47Z" finished-at="2023-11-20T09:03:47Z">
          <reporter-output>
          </reporter-output>
        </test-method> <!-- tearDown -->
        <test-method status="PASS" signature="launchApp()[pri:0, instance:com.seleniumhq.selenium_java.pageObjects.DataProviderTest@4d5b6aac]" name="launchApp" is-config="true" duration-ms="10041" started-at="2023-11-20T09:03:47Z" finished-at="2023-11-20T09:03:57Z">
          <reporter-output>
          </reporter-output>
        </test-method> <!-- launchApp -->
        <test-method status="SKIP" signature="errorValidation(java.lang.String, java.lang.String, java.lang.String)[pri:0, instance:com.seleniumhq.selenium_java.pageObjects.DataProviderTest@4d5b6aac]" name="errorValidation" duration-ms="12026" started-at="2023-11-20T09:03:57Z" data-provider="getData" finished-at="2023-11-20T09:04:09Z">
          <params>
            <param index="0">
              <value>
                <![CDATA[1kingkhan@academy.com]]>
              </value>
            </param>
            <param index="1">
              <value>
                <![CDATA[Kingkhan@123]]>
              </value>
            </param>
            <param index="2">
              <value>
                <![CDATA[IPHONE 13 PRO]]>
              </value>
            </param>
          </params>
          <exception class="org.openqa.selenium.TimeoutException">
            <message>
              <![CDATA[Expected condition failed: waiting for visibility of element located by By.className: col-lg-4 (tried for 5 second(s) with 500 milliseconds interval)
Build info: version: '4.11.0', revision: '040bc5406b'
System info: os.name: 'Mac OS X', os.arch: 'x86_64', os.version: '14.1.1', java.version: '1.8.0_333'
Driver info: org.openqa.selenium.chrome.ChromeDriver
Capabilities {acceptInsecureCerts: false, browserName: chrome, browserVersion: 119.0.6045.159, chrome: {chromedriverVersion: 119.0.6045.105 (38c72552c5e..., userDataDir: /var/folders/l7/9829d6j97hb...}, fedcm:accounts: true, goog:chromeOptions: {debuggerAddress: localhost:49756}, networkConnectionEnabled: false, pageLoadStrategy: normal, platformName: mac, proxy: Proxy(), se:cdp: ws://localhost:49756/devtoo..., se:cdpVersion: 119.0.6045.159, setWindowRect: true, strictFileInteractability: false, timeouts: {implicit: 0, pageLoad: 300000, script: 30000}, unhandledPromptBehavior: dismiss and notify, webauthn:extension:credBlob: true, webauthn:extension:largeBlob: true, webauthn:extension:minPinLength: true, webauthn:extension:prf: true, webauthn:virtualAuthenticators: true}
Session ID: e2418c93b30fec3a4b3572337c72b9a3]]>
            </message>
            <full-stacktrace>
              <![CDATA[org.openqa.selenium.TimeoutException: Expected condition failed: waiting for visibility of element located by By.className: col-lg-4 (tried for 5 second(s) with 500 milliseconds interval)
Build info: version: '4.11.0', revision: '040bc5406b'
System info: os.name: 'Mac OS X', os.arch: 'x86_64', os.version: '14.1.1', java.version: '1.8.0_333'
Driver info: org.openqa.selenium.chrome.ChromeDriver
Capabilities {acceptInsecureCerts: false, browserName: chrome, browserVersion: 119.0.6045.159, chrome: {chromedriverVersion: 119.0.6045.105 (38c72552c5e..., userDataDir: /var/folders/l7/9829d6j97hb...}, fedcm:accounts: true, goog:chromeOptions: {debuggerAddress: localhost:49756}, networkConnectionEnabled: false, pageLoadStrategy: normal, platformName: mac, proxy: Proxy(), se:cdp: ws://localhost:49756/devtoo..., se:cdpVersion: 119.0.6045.159, setWindowRect: true, strictFileInteractability: false, timeouts: {implicit: 0, pageLoad: 300000, script: 30000}, unhandledPromptBehavior: dismiss and notify, webauthn:extension:credBlob: true, webauthn:extension:largeBlob: true, webauthn:extension:minPinLength: true, webauthn:extension:prf: true, webauthn:virtualAuthenticators: true}
Session ID: e2418c93b30fec3a4b3572337c72b9a3
at org.openqa.selenium.support.ui.WebDriverWait.timeoutException(WebDriverWait.java:84)
at org.openqa.selenium.support.ui.FluentWait.until(FluentWait.java:230)
at com.seleniumhq.selenium_java.AbstractComponents.AbstractComponent.waitForElementToAppear(AbstractComponent.java:30)
at com.seleniumhq.selenium_java.pageObjects.ProductCatalogue.getProductList(ProductCatalogue.java:35)
at com.seleniumhq.selenium_java.pageObjects.ProductCatalogue.getProductByName(ProductCatalogue.java:41)
at com.seleniumhq.selenium_java.pageObjects.ProductCatalogue.addProductToCart(ProductCatalogue.java:47)
at com.seleniumhq.selenium_java.pageObjects.DataProviderTest.errorValidation(DataProviderTest.java:20)
at sun.reflect.NativeMethodAccessorImpl.invoke0(Native Method)
at sun.reflect.NativeMethodAccessorImpl.invoke(NativeMethodAccessorImpl.java:62)
at sun.reflect.DelegatingMethodAccessorImpl.invoke(DelegatingMethodAccessorImpl.java:43)
at java.lang.reflect.Method.invoke(Method.java:498)
at org.testng.internal.MethodInvocationHelper.invokeMethod(MethodInvocationHelper.java:124)
at org.testng.internal.Invoker.invokeMethod(Invoker.java:583)
at org.testng.internal.Invoker.invokeTestMethod(Invoker.java:719)
at org.testng.internal.Invoker.invokeTestMethods(Invoker.java:989)
at org.testng.internal.TestMethodWorker.invokeTestMethods(TestMethodWorker.java:125)
at org.testng.internal.TestMethodWorker.run(TestMethodWorker.java:109)
at org.testng.TestRunner.privateRun(TestRunner.java:648)
at org.testng.TestRunner.run(TestRunner.java:505)
at org.testng.SuiteRunner.runTest(SuiteRunner.java:455)
at org.testng.SuiteRunner.access$000(SuiteRunner.java:40)
at org.testng.SuiteRunner$SuiteWorker.run(SuiteRunner.java:489)
at org.testng.internal.thread.ThreadUtil$1.call(ThreadUtil.java:52)
at java.util.concurrent.FutureTask.run(FutureTask.java:266)
at java.util.concurrent.ThreadPoolExecutor.runWorker(ThreadPoolExecutor.java:1149)
at java.util.concurrent.ThreadPoolExecutor$Worker.run(ThreadPoolExecutor.java:624)
at java.lang.Thread.run(Thread.java:750)
]]>
            </full-stacktrace>
          </exception> <!-- org.openqa.selenium.TimeoutException -->
          <reporter-output>
          </reporter-output>
        </test-method> <!-- errorValidation -->
        <test-method status="PASS" signature="tearDown()[pri:0, instance:com.seleniumhq.selenium_java.pageObjects.DataProviderTest@4d5b6aac]" name="tearDown" is-config="true" duration-ms="138" started-at="2023-11-20T09:04:09Z" finished-at="2023-11-20T09:04:09Z">
          <reporter-output>
          </reporter-output>
        </test-method> <!-- tearDown -->
        <test-method status="PASS" signature="launchApp()[pri:0, instance:com.seleniumhq.selenium_java.pageObjects.DataProviderTest@4d5b6aac]" name="launchApp" is-config="true" duration-ms="9742" started-at="2023-11-20T09:04:09Z" finished-at="2023-11-20T09:04:19Z">
          <reporter-output>
          </reporter-output>
        </test-method> <!-- launchApp -->
        <test-method status="SKIP" signature="errorValidation(java.lang.String, java.lang.String, java.lang.String)[pri:0, instance:com.seleniumhq.selenium_java.pageObjects.DataProviderTest@4d5b6aac]" name="errorValidation" duration-ms="11998" started-at="2023-11-20T09:04:19Z" data-provider="getData" finished-at="2023-11-20T09:04:31Z">
          <params>
            <param index="0">
              <value>
                <![CDATA[1kingkhan@academy.com]]>
              </value>
            </param>
            <param index="1">
              <value>
                <![CDATA[Kingkhan@123]]>
              </value>
            </param>
            <param index="2">
              <value>
                <![CDATA[IPHONE 13 PRO]]>
              </value>
            </param>
          </params>
          <exception class="org.openqa.selenium.TimeoutException">
            <message>
              <![CDATA[Expected condition failed: waiting for visibility of element located by By.className: col-lg-4 (tried for 5 second(s) with 500 milliseconds interval)
Build info: version: '4.11.0', revision: '040bc5406b'
System info: os.name: 'Mac OS X', os.arch: 'x86_64', os.version: '14.1.1', java.version: '1.8.0_333'
Driver info: org.openqa.selenium.chrome.ChromeDriver
Capabilities {acceptInsecureCerts: false, browserName: chrome, browserVersion: 119.0.6045.159, chrome: {chromedriverVersion: 119.0.6045.105 (38c72552c5e..., userDataDir: /var/folders/l7/9829d6j97hb...}, fedcm:accounts: true, goog:chromeOptions: {debuggerAddress: localhost:49773}, networkConnectionEnabled: false, pageLoadStrategy: normal, platformName: mac, proxy: Proxy(), se:cdp: ws://localhost:49773/devtoo..., se:cdpVersion: 119.0.6045.159, setWindowRect: true, strictFileInteractability: false, timeouts: {implicit: 0, pageLoad: 300000, script: 30000}, unhandledPromptBehavior: dismiss and notify, webauthn:extension:credBlob: true, webauthn:extension:largeBlob: true, webauthn:extension:minPinLength: true, webauthn:extension:prf: true, webauthn:virtualAuthenticators: true}
Session ID: 30b7f917d3c35d601e59b4a3a171eb78]]>
            </message>
            <full-stacktrace>
              <![CDATA[org.openqa.selenium.TimeoutException: Expected condition failed: waiting for visibility of element located by By.className: col-lg-4 (tried for 5 second(s) with 500 milliseconds interval)
Build info: version: '4.11.0', revision: '040bc5406b'
System info: os.name: 'Mac OS X', os.arch: 'x86_64', os.version: '14.1.1', java.version: '1.8.0_333'
Driver info: org.openqa.selenium.chrome.ChromeDriver
Capabilities {acceptInsecureCerts: false, browserName: chrome, browserVersion: 119.0.6045.159, chrome: {chromedriverVersion: 119.0.6045.105 (38c72552c5e..., userDataDir: /var/folders/l7/9829d6j97hb...}, fedcm:accounts: true, goog:chromeOptions: {debuggerAddress: localhost:49773}, networkConnectionEnabled: false, pageLoadStrategy: normal, platformName: mac, proxy: Proxy(), se:cdp: ws://localhost:49773/devtoo..., se:cdpVersion: 119.0.6045.159, setWindowRect: true, strictFileInteractability: false, timeouts: {implicit: 0, pageLoad: 300000, script: 30000}, unhandledPromptBehavior: dismiss and notify, webauthn:extension:credBlob: true, webauthn:extension:largeBlob: true, webauthn:extension:minPinLength: true, webauthn:extension:prf: true, webauthn:virtualAuthenticators: true}
Session ID: 30b7f917d3c35d601e59b4a3a171eb78
at org.openqa.selenium.support.ui.WebDriverWait.timeoutException(WebDriverWait.java:84)
at org.openqa.selenium.support.ui.FluentWait.until(FluentWait.java:230)
at com.seleniumhq.selenium_java.AbstractComponents.AbstractComponent.waitForElementToAppear(AbstractComponent.java:30)
at com.seleniumhq.selenium_java.pageObjects.ProductCatalogue.getProductList(ProductCatalogue.java:35)
at com.seleniumhq.selenium_java.pageObjects.ProductCatalogue.getProductByName(ProductCatalogue.java:41)
at com.seleniumhq.selenium_java.pageObjects.ProductCatalogue.addProductToCart(ProductCatalogue.java:47)
at com.seleniumhq.selenium_java.pageObjects.DataProviderTest.errorValidation(DataProviderTest.java:20)
at sun.reflect.NativeMethodAccessorImpl.invoke0(Native Method)
at sun.reflect.NativeMethodAccessorImpl.invoke(NativeMethodAccessorImpl.java:62)
at sun.reflect.DelegatingMethodAccessorImpl.invoke(DelegatingMethodAccessorImpl.java:43)
at java.lang.reflect.Method.invoke(Method.java:498)
at org.testng.internal.MethodInvocationHelper.invokeMethod(MethodInvocationHelper.java:124)
at org.testng.internal.Invoker.invokeMethod(Invoker.java:583)
at org.testng.internal.Invoker.retryFailed(Invoker.java:839)
at org.testng.internal.Invoker.invokeTestMethods(Invoker.java:1010)
at org.testng.internal.TestMethodWorker.invokeTestMethods(TestMethodWorker.java:125)
at org.testng.internal.TestMethodWorker.run(TestMethodWorker.java:109)
at org.testng.TestRunner.privateRun(TestRunner.java:648)
at org.testng.TestRunner.run(TestRunner.java:505)
at org.testng.SuiteRunner.runTest(SuiteRunner.java:455)
at org.testng.SuiteRunner.access$000(SuiteRunner.java:40)
at org.testng.SuiteRunner$SuiteWorker.run(SuiteRunner.java:489)
at org.testng.internal.thread.ThreadUtil$1.call(ThreadUtil.java:52)
at java.util.concurrent.FutureTask.run(FutureTask.java:266)
at java.util.concurrent.ThreadPoolExecutor.runWorker(ThreadPoolExecutor.java:1149)
at java.util.concurrent.ThreadPoolExecutor$Worker.run(ThreadPoolExecutor.java:624)
at java.lang.Thread.run(Thread.java:750)
]]>
            </full-stacktrace>
          </exception> <!-- org.openqa.selenium.TimeoutException -->
          <reporter-output>
          </reporter-output>
        </test-method> <!-- errorValidation -->
        <test-method status="PASS" signature="tearDown()[pri:0, instance:com.seleniumhq.selenium_java.pageObjects.DataProviderTest@4d5b6aac]" name="tearDown" is-config="true" duration-ms="147" started-at="2023-11-20T09:04:31Z" finished-at="2023-11-20T09:04:31Z">
          <reporter-output>
          </reporter-output>
        </test-method> <!-- tearDown -->
        <test-method status="PASS" signature="launchApp()[pri:0, instance:com.seleniumhq.selenium_java.pageObjects.DataProviderTest@4d5b6aac]" name="launchApp" is-config="true" duration-ms="10526" started-at="2023-11-20T09:04:31Z" finished-at="2023-11-20T09:04:42Z">
          <reporter-output>
          </reporter-output>
        </test-method> <!-- launchApp -->
        <test-method status="FAIL" signature="errorValidation(java.lang.String, java.lang.String, java.lang.String)[pri:0, instance:com.seleniumhq.selenium_java.pageObjects.DataProviderTest@4d5b6aac]" name="errorValidation" duration-ms="11955" started-at="2023-11-20T09:04:42Z" data-provider="getData" finished-at="2023-11-20T09:04:54Z">
          <params>
            <param index="0">
              <value>
                <![CDATA[1kingkhan@academy.com]]>
              </value>
            </param>
            <param index="1">
              <value>
                <![CDATA[Kingkhan@123]]>
              </value>
            </param>
            <param index="2">
              <value>
                <![CDATA[IPHONE 13 PRO]]>
              </value>
            </param>
          </params>
          <exception class="org.openqa.selenium.TimeoutException">
            <message>
              <![CDATA[Expected condition failed: waiting for visibility of element located by By.className: col-lg-4 (tried for 5 second(s) with 500 milliseconds interval)
Build info: version: '4.11.0', revision: '040bc5406b'
System info: os.name: 'Mac OS X', os.arch: 'x86_64', os.version: '14.1.1', java.version: '1.8.0_333'
Driver info: org.openqa.selenium.chrome.ChromeDriver
Capabilities {acceptInsecureCerts: false, browserName: chrome, browserVersion: 119.0.6045.159, chrome: {chromedriverVersion: 119.0.6045.105 (38c72552c5e..., userDataDir: /var/folders/l7/9829d6j97hb...}, fedcm:accounts: true, goog:chromeOptions: {debuggerAddress: localhost:49790}, networkConnectionEnabled: false, pageLoadStrategy: normal, platformName: mac, proxy: Proxy(), se:cdp: ws://localhost:49790/devtoo..., se:cdpVersion: 119.0.6045.159, setWindowRect: true, strictFileInteractability: false, timeouts: {implicit: 0, pageLoad: 300000, script: 30000}, unhandledPromptBehavior: dismiss and notify, webauthn:extension:credBlob: true, webauthn:extension:largeBlob: true, webauthn:extension:minPinLength: true, webauthn:extension:prf: true, webauthn:virtualAuthenticators: true}
Session ID: e16944ef2f75156ab6f2a50cf7c276ca]]>
            </message>
            <full-stacktrace>
              <![CDATA[org.openqa.selenium.TimeoutException: Expected condition failed: waiting for visibility of element located by By.className: col-lg-4 (tried for 5 second(s) with 500 milliseconds interval)
Build info: version: '4.11.0', revision: '040bc5406b'
System info: os.name: 'Mac OS X', os.arch: 'x86_64', os.version: '14.1.1', java.version: '1.8.0_333'
Driver info: org.openqa.selenium.chrome.ChromeDriver
Capabilities {acceptInsecureCerts: false, browserName: chrome, browserVersion: 119.0.6045.159, chrome: {chromedriverVersion: 119.0.6045.105 (38c72552c5e..., userDataDir: /var/folders/l7/9829d6j97hb...}, fedcm:accounts: true, goog:chromeOptions: {debuggerAddress: localhost:49790}, networkConnectionEnabled: false, pageLoadStrategy: normal, platformName: mac, proxy: Proxy(), se:cdp: ws://localhost:49790/devtoo..., se:cdpVersion: 119.0.6045.159, setWindowRect: true, strictFileInteractability: false, timeouts: {implicit: 0, pageLoad: 300000, script: 30000}, unhandledPromptBehavior: dismiss and notify, webauthn:extension:credBlob: true, webauthn:extension:largeBlob: true, webauthn:extension:minPinLength: true, webauthn:extension:prf: true, webauthn:virtualAuthenticators: true}
Session ID: e16944ef2f75156ab6f2a50cf7c276ca
at org.openqa.selenium.support.ui.WebDriverWait.timeoutException(WebDriverWait.java:84)
at org.openqa.selenium.support.ui.FluentWait.until(FluentWait.java:230)
at com.seleniumhq.selenium_java.AbstractComponents.AbstractComponent.waitForElementToAppear(AbstractComponent.java:30)
at com.seleniumhq.selenium_java.pageObjects.ProductCatalogue.getProductList(ProductCatalogue.java:35)
at com.seleniumhq.selenium_java.pageObjects.ProductCatalogue.getProductByName(ProductCatalogue.java:41)
at com.seleniumhq.selenium_java.pageObjects.ProductCatalogue.addProductToCart(ProductCatalogue.java:47)
at com.seleniumhq.selenium_java.pageObjects.DataProviderTest.errorValidation(DataProviderTest.java:20)
at sun.reflect.NativeMethodAccessorImpl.invoke0(Native Method)
at sun.reflect.NativeMethodAccessorImpl.invoke(NativeMethodAccessorImpl.java:62)
at sun.reflect.DelegatingMethodAccessorImpl.invoke(DelegatingMethodAccessorImpl.java:43)
at java.lang.reflect.Method.invoke(Method.java:498)
at org.testng.internal.MethodInvocationHelper.invokeMethod(MethodInvocationHelper.java:124)
at org.testng.internal.Invoker.invokeMethod(Invoker.java:583)
at org.testng.internal.Invoker.retryFailed(Invoker.java:839)
at org.testng.internal.Invoker.invokeTestMethods(Invoker.java:1010)
at org.testng.internal.TestMethodWorker.invokeTestMethods(TestMethodWorker.java:125)
at org.testng.internal.TestMethodWorker.run(TestMethodWorker.java:109)
at org.testng.TestRunner.privateRun(TestRunner.java:648)
at org.testng.TestRunner.run(TestRunner.java:505)
at org.testng.SuiteRunner.runTest(SuiteRunner.java:455)
at org.testng.SuiteRunner.access$000(SuiteRunner.java:40)
at org.testng.SuiteRunner$SuiteWorker.run(SuiteRunner.java:489)
at org.testng.internal.thread.ThreadUtil$1.call(ThreadUtil.java:52)
at java.util.concurrent.FutureTask.run(FutureTask.java:266)
at java.util.concurrent.ThreadPoolExecutor.runWorker(ThreadPoolExecutor.java:1149)
at java.util.concurrent.ThreadPoolExecutor$Worker.run(ThreadPoolExecutor.java:624)
at java.lang.Thread.run(Thread.java:750)
]]>
            </full-stacktrace>
          </exception> <!-- org.openqa.selenium.TimeoutException -->
          <reporter-output>
          </reporter-output>
        </test-method> <!-- errorValidation -->
        <test-method status="PASS" signature="tearDown()[pri:0, instance:com.seleniumhq.selenium_java.pageObjects.DataProviderTest@4d5b6aac]" name="tearDown" is-config="true" duration-ms="139" started-at="2023-11-20T09:04:54Z" finished-at="2023-11-20T09:04:55Z">
          <reporter-output>
          </reporter-output>
        </test-method> <!-- tearDown -->
      </class> <!-- com.seleniumhq.selenium_java.pageObjects.DataProviderTest -->
    </test> <!-- DataProviderTest -->
  </suite> <!-- Suite -->
</testng-results>
